{
    "/Users/kevin/InnerBloom/packages/react-frontend/mocks/fileMock.js": {
        "path": "/Users/kevin/InnerBloom/packages/react-frontend/mocks/fileMock.js",
        "statementMap": {
            "0": {
                "start": { "line": 2, "column": 0 },
                "end": { "line": 2, "column": 20 }
            }
        },
        "fnMap": {},
        "branchMap": {},
        "s": { "0": 1 },
        "f": {},
        "b": {},
        "_coverageSchema": "1a1c01bbd47fc00a2c39e90264f33305004495a9",
        "hash": "405cf70c2bbf59f58b7c5d9ca2ab6557a8fb86d3"
    },
    "/Users/kevin/InnerBloom/packages/react-frontend/src/LogForm.jsx": {
        "path": "/Users/kevin/InnerBloom/packages/react-frontend/src/LogForm.jsx",
        "statementMap": {
            "0": {
                "start": { "line": 15, "column": 21 },
                "end": { "line": 20, "column": 5 }
            },
            "1": {
                "start": { "line": 22, "column": 24 },
                "end": { "line": 74, "column": 5 }
            },
            "2": {
                "start": { "line": 76, "column": 50 },
                "end": { "line": 76, "column": 64 }
            },
            "3": {
                "start": { "line": 77, "column": 62 },
                "end": { "line": 77, "column": 76 }
            },
            "4": {
                "start": { "line": 78, "column": 56 },
                "end": { "line": 78, "column": 70 }
            },
            "5": {
                "start": { "line": 79, "column": 48 },
                "end": { "line": 79, "column": 209 }
            },
            "6": {
                "start": { "line": 81, "column": 46 },
                "end": { "line": 81, "column": 61 }
            },
            "7": {
                "start": { "line": 82, "column": 40 },
                "end": { "line": 82, "column": 51 }
            },
            "8": {
                "start": { "line": 83, "column": 44 },
                "end": { "line": 83, "column": 55 }
            },
            "9": {
                "start": { "line": 84, "column": 30 },
                "end": { "line": 84, "column": 41 }
            },
            "10": {
                "start": { "line": 85, "column": 36 },
                "end": { "line": 85, "column": 51 }
            },
            "11": {
                "start": { "line": 86, "column": 44 },
                "end": { "line": 86, "column": 67 }
            },
            "12": {
                "start": { "line": 87, "column": 38 },
                "end": { "line": 87, "column": 53 }
            },
            "13": {
                "start": { "line": 89, "column": 31 },
                "end": { "line": 93, "column": 5 }
            },
            "14": {
                "start": { "line": 90, "column": 8 },
                "end": { "line": 90, "column": 36 }
            },
            "15": {
                "start": { "line": 91, "column": 8 },
                "end": { "line": 91, "column": 42 }
            },
            "16": {
                "start": { "line": 92, "column": 8 },
                "end": { "line": 92, "column": 42 }
            },
            "17": {
                "start": { "line": 95, "column": 34 },
                "end": { "line": 98, "column": 5 }
            },
            "18": {
                "start": { "line": 96, "column": 8 },
                "end": { "line": 96, "column": 42 }
            },
            "19": {
                "start": { "line": 97, "column": 8 },
                "end": { "line": 97, "column": 27 }
            },
            "20": {
                "start": { "line": 100, "column": 29 },
                "end": { "line": 103, "column": 5 }
            },
            "21": {
                "start": { "line": 101, "column": 8 },
                "end": { "line": 101, "column": 59 }
            },
            "22": {
                "start": { "line": 102, "column": 8 },
                "end": { "line": 102, "column": 29 }
            },
            "23": {
                "start": { "line": 105, "column": 29 },
                "end": { "line": 108, "column": 5 }
            },
            "24": {
                "start": { "line": 106, "column": 8 },
                "end": { "line": 106, "column": 178 }
            },
            "25": {
                "start": { "line": 107, "column": 8 },
                "end": { "line": 107, "column": 30 }
            },
            "26": {
                "start": { "line": 110, "column": 29 },
                "end": { "line": 112, "column": 5 }
            },
            "27": {
                "start": { "line": 111, "column": 8 },
                "end": { "line": 111, "column": 28 }
            },
            "28": {
                "start": { "line": 114, "column": 21 },
                "end": { "line": 114, "column": 34 }
            },
            "29": {
                "start": { "line": 116, "column": 25 },
                "end": { "line": 131, "column": 5 }
            },
            "30": {
                "start": { "line": 117, "column": 8 },
                "end": { "line": 117, "column": 31 }
            },
            "31": {
                "start": { "line": 118, "column": 8 },
                "end": { "line": 118, "column": 22 }
            },
            "32": {
                "start": { "line": 120, "column": 24 },
                "end": { "line": 127, "column": 9 }
            },
            "33": {
                "start": { "line": 129, "column": 8 },
                "end": { "line": 129, "column": 26 }
            },
            "34": {
                "start": { "line": 130, "column": 8 },
                "end": { "line": 130, "column": 28 }
            },
            "35": {
                "start": { "line": 133, "column": 24 },
                "end": { "line": 133, "column": 49 }
            },
            "36": {
                "start": { "line": 134, "column": 24 },
                "end": { "line": 137, "column": 6 }
            },
            "37": {
                "start": { "line": 139, "column": 4 },
                "end": { "line": 340, "column": 6 }
            },
            "38": {
                "start": { "line": 145, "column": 31 },
                "end": { "line": 145, "column": 44 }
            },
            "39": {
                "start": { "line": 169, "column": 24 },
                "end": { "line": 182, "column": 33 }
            },
            "40": {
                "start": { "line": 172, "column": 40 },
                "end": { "line": 172, "column": 152 }
            },
            "41": {
                "start": { "line": 179, "column": 32 },
                "end": { "line": 179, "column": 71 }
            },
            "42": {
                "start": { "line": 188, "column": 32 },
                "end": { "line": 188, "column": 57 }
            },
            "43": {
                "start": { "line": 189, "column": 32 },
                "end": { "line": 189, "column": 63 }
            },
            "44": {
                "start": { "line": 201, "column": 24 },
                "end": { "line": 212, "column": 33 }
            },
            "45": {
                "start": { "line": 203, "column": 40 },
                "end": { "line": 203, "column": 118 }
            },
            "46": {
                "start": { "line": 210, "column": 43 },
                "end": { "line": 210, "column": 70 }
            },
            "47": {
                "start": { "line": 252, "column": 36 },
                "end": { "line": 252, "column": 75 }
            },
            "48": {
                "start": { "line": 269, "column": 36 },
                "end": { "line": 269, "column": 77 }
            },
            "49": {
                "start": { "line": 285, "column": 36 },
                "end": { "line": 287, "column": 37 }
            },
            "50": {
                "start": { "line": 300, "column": 49 },
                "end": { "line": 300, "column": 78 }
            },
            "51": {
                "start": { "line": 311, "column": 36 },
                "end": { "line": 311, "column": 67 }
            },
            "52": {
                "start": { "line": 343, "column": 0 },
                "end": { "line": 345, "column": 2 }
            }
        },
        "fnMap": {
            "0": {
                "name": "Form",
                "decl": {
                    "start": { "line": 12, "column": 9 },
                    "end": { "line": 12, "column": 13 }
                },
                "loc": {
                    "start": { "line": 12, "column": 28 },
                    "end": { "line": 341, "column": 1 }
                },
                "line": 12
            },
            "1": {
                "name": "(anonymous_1)",
                "decl": {
                    "start": { "line": 89, "column": 31 },
                    "end": { "line": 89, "column": 32 }
                },
                "loc": {
                    "start": { "line": 89, "column": 44 },
                    "end": { "line": 93, "column": 5 }
                },
                "line": 89
            },
            "2": {
                "name": "(anonymous_2)",
                "decl": {
                    "start": { "line": 95, "column": 34 },
                    "end": { "line": 95, "column": 35 }
                },
                "loc": {
                    "start": { "line": 95, "column": 50 },
                    "end": { "line": 98, "column": 5 }
                },
                "line": 95
            },
            "3": {
                "name": "(anonymous_3)",
                "decl": {
                    "start": { "line": 100, "column": 29 },
                    "end": { "line": 100, "column": 30 }
                },
                "loc": {
                    "start": { "line": 100, "column": 63 },
                    "end": { "line": 103, "column": 5 }
                },
                "line": 100
            },
            "4": {
                "name": "(anonymous_4)",
                "decl": {
                    "start": { "line": 105, "column": 29 },
                    "end": { "line": 105, "column": 30 }
                },
                "loc": {
                    "start": { "line": 105, "column": 35 },
                    "end": { "line": 108, "column": 5 }
                },
                "line": 105
            },
            "5": {
                "name": "(anonymous_5)",
                "decl": {
                    "start": { "line": 110, "column": 29 },
                    "end": { "line": 110, "column": 30 }
                },
                "loc": {
                    "start": { "line": 110, "column": 35 },
                    "end": { "line": 112, "column": 5 }
                },
                "line": 110
            },
            "6": {
                "name": "(anonymous_6)",
                "decl": {
                    "start": { "line": 116, "column": 25 },
                    "end": { "line": 116, "column": 26 }
                },
                "loc": {
                    "start": { "line": 116, "column": 36 },
                    "end": { "line": 131, "column": 5 }
                },
                "line": 116
            },
            "7": {
                "name": "(anonymous_7)",
                "decl": {
                    "start": { "line": 145, "column": 25 },
                    "end": { "line": 145, "column": 26 }
                },
                "loc": {
                    "start": { "line": 145, "column": 31 },
                    "end": { "line": 145, "column": 44 }
                },
                "line": 145
            },
            "8": {
                "name": "(anonymous_8)",
                "decl": {
                    "start": { "line": 168, "column": 54 },
                    "end": { "line": 168, "column": 55 }
                },
                "loc": {
                    "start": { "line": 169, "column": 24 },
                    "end": { "line": 182, "column": 33 }
                },
                "line": 169
            },
            "9": {
                "name": "(anonymous_9)",
                "decl": {
                    "start": { "line": 171, "column": 38 },
                    "end": { "line": 171, "column": 39 }
                },
                "loc": {
                    "start": { "line": 172, "column": 40 },
                    "end": { "line": 172, "column": 152 }
                },
                "line": 172
            },
            "10": {
                "name": "(anonymous_10)",
                "decl": {
                    "start": { "line": 178, "column": 37 },
                    "end": { "line": 178, "column": 38 }
                },
                "loc": {
                    "start": { "line": 179, "column": 32 },
                    "end": { "line": 179, "column": 71 }
                },
                "line": 179
            },
            "11": {
                "name": "(anonymous_11)",
                "decl": {
                    "start": { "line": 187, "column": 33 },
                    "end": { "line": 187, "column": 34 }
                },
                "loc": {
                    "start": { "line": 187, "column": 39 },
                    "end": { "line": 190, "column": 33 }
                },
                "line": 187
            },
            "12": {
                "name": "(anonymous_12)",
                "decl": {
                    "start": { "line": 200, "column": 34 },
                    "end": { "line": 200, "column": 35 }
                },
                "loc": {
                    "start": { "line": 201, "column": 24 },
                    "end": { "line": 212, "column": 33 }
                },
                "line": 201
            },
            "13": {
                "name": "(anonymous_13)",
                "decl": {
                    "start": { "line": 202, "column": 38 },
                    "end": { "line": 202, "column": 39 }
                },
                "loc": {
                    "start": { "line": 203, "column": 40 },
                    "end": { "line": 203, "column": 118 }
                },
                "line": 203
            },
            "14": {
                "name": "(anonymous_14)",
                "decl": {
                    "start": { "line": 210, "column": 37 },
                    "end": { "line": 210, "column": 38 }
                },
                "loc": {
                    "start": { "line": 210, "column": 43 },
                    "end": { "line": 210, "column": 70 }
                },
                "line": 210
            },
            "15": {
                "name": "(anonymous_15)",
                "decl": {
                    "start": { "line": 251, "column": 42 },
                    "end": { "line": 251, "column": 43 }
                },
                "loc": {
                    "start": { "line": 252, "column": 36 },
                    "end": { "line": 252, "column": 75 }
                },
                "line": 252
            },
            "16": {
                "name": "(anonymous_16)",
                "decl": {
                    "start": { "line": 268, "column": 42 },
                    "end": { "line": 268, "column": 43 }
                },
                "loc": {
                    "start": { "line": 269, "column": 36 },
                    "end": { "line": 269, "column": 77 }
                },
                "line": 269
            },
            "17": {
                "name": "(anonymous_17)",
                "decl": {
                    "start": { "line": 284, "column": 42 },
                    "end": { "line": 284, "column": 43 }
                },
                "loc": {
                    "start": { "line": 285, "column": 36 },
                    "end": { "line": 287, "column": 37 }
                },
                "line": 285
            },
            "18": {
                "name": "(anonymous_18)",
                "decl": {
                    "start": { "line": 300, "column": 42 },
                    "end": { "line": 300, "column": 43 }
                },
                "loc": {
                    "start": { "line": 300, "column": 49 },
                    "end": { "line": 300, "column": 78 }
                },
                "line": 300
            },
            "19": {
                "name": "(anonymous_19)",
                "decl": {
                    "start": { "line": 310, "column": 42 },
                    "end": { "line": 310, "column": 43 }
                },
                "loc": {
                    "start": { "line": 311, "column": 36 },
                    "end": { "line": 311, "column": 67 }
                },
                "line": 311
            }
        },
        "branchMap": {
            "0": {
                "loc": {
                    "start": { "line": 150, "column": 3 },
                    "end": { "line": 152, "column": 27 }
                },
                "type": "cond-expr",
                "locations": [
                    {
                        "start": { "line": 151, "column": 6 },
                        "end": { "line": 151, "column": 34 }
                    },
                    {
                        "start": { "line": 152, "column": 6 },
                        "end": { "line": 152, "column": 27 }
                    }
                ],
                "line": 150
            },
            "1": {
                "loc": {
                    "start": { "line": 155, "column": 3 },
                    "end": { "line": 157, "column": 28 }
                },
                "type": "cond-expr",
                "locations": [
                    {
                        "start": { "line": 156, "column": 6 },
                        "end": { "line": 156, "column": 35 }
                    },
                    {
                        "start": { "line": 157, "column": 6 },
                        "end": { "line": 157, "column": 28 }
                    }
                ],
                "line": 155
            },
            "2": {
                "loc": {
                    "start": { "line": 166, "column": 13 },
                    "end": { "line": 219, "column": 13 }
                },
                "type": "cond-expr",
                "locations": [
                    {
                        "start": { "line": 167, "column": 16 },
                        "end": { "line": 196, "column": 22 }
                    },
                    {
                        "start": { "line": 198, "column": 16 },
                        "end": { "line": 217, "column": 22 }
                    }
                ],
                "line": 166
            },
            "3": {
                "loc": {
                    "start": { "line": 222, "column": 13 },
                    "end": { "line": 229, "column": 13 }
                },
                "type": "binary-expr",
                "locations": [
                    {
                        "start": { "line": 222, "column": 13 },
                        "end": { "line": 222, "column": 28 }
                    },
                    {
                        "start": { "line": 223, "column": 16 },
                        "end": { "line": 228, "column": 22 }
                    }
                ],
                "line": 222
            },
            "4": {
                "loc": {
                    "start": { "line": 231, "column": 13 },
                    "end": { "line": 338, "column": 13 }
                },
                "type": "binary-expr",
                "locations": [
                    {
                        "start": { "line": 231, "column": 13 },
                        "end": { "line": 231, "column": 22 }
                    },
                    {
                        "start": { "line": 232, "column": 16 },
                        "end": { "line": 337, "column": 22 }
                    }
                ],
                "line": 231
            }
        },
        "s": {
            "0": 30,
            "1": 30,
            "2": 30,
            "3": 30,
            "4": 30,
            "5": 30,
            "6": 30,
            "7": 30,
            "8": 30,
            "9": 30,
            "10": 30,
            "11": 30,
            "12": 30,
            "13": 30,
            "14": 8,
            "15": 8,
            "16": 8,
            "17": 30,
            "18": 7,
            "19": 7,
            "20": 30,
            "21": 0,
            "22": 0,
            "23": 30,
            "24": 0,
            "25": 0,
            "26": 30,
            "27": 0,
            "28": 30,
            "29": 30,
            "30": 1,
            "31": 1,
            "32": 1,
            "33": 1,
            "34": 1,
            "35": 30,
            "36": 30,
            "37": 30,
            "38": 0,
            "39": 84,
            "40": 0,
            "41": 7,
            "42": 0,
            "43": 0,
            "44": 36,
            "45": 0,
            "46": 8,
            "47": 1,
            "48": 1,
            "49": 1,
            "50": 1,
            "51": 1,
            "52": 1
        },
        "f": {
            "0": 30,
            "1": 8,
            "2": 7,
            "3": 0,
            "4": 0,
            "5": 0,
            "6": 1,
            "7": 0,
            "8": 84,
            "9": 0,
            "10": 7,
            "11": 0,
            "12": 36,
            "13": 0,
            "14": 8,
            "15": 1,
            "16": 1,
            "17": 1,
            "18": 1,
            "19": 1
        },
        "b": {
            "0": [21, 9],
            "1": [21, 9],
            "2": [21, 9],
            "3": [30, 0],
            "4": [30, 12]
        },
        "_coverageSchema": "1a1c01bbd47fc00a2c39e90264f33305004495a9",
        "hash": "d1fb2c2d467d940e5104a2ec0c4504c4953b3165"
    }
}
