TN:
SF:mocks/fileMock.js
FNF:0
FNH:0
DA:1,1
LF:1
LH:1
BRF:0
BRH:0
end_of_record
TN:
SF:src/LogForm.jsx
FN:12,Form
FN:89,(anonymous_1)
FN:95,(anonymous_2)
FN:100,(anonymous_3)
FN:105,(anonymous_4)
FN:110,(anonymous_5)
FN:116,(anonymous_6)
FN:145,(anonymous_7)
FN:168,(anonymous_8)
FN:171,(anonymous_9)
FN:178,(anonymous_10)
FN:187,(anonymous_11)
FN:200,(anonymous_12)
FN:202,(anonymous_13)
FN:210,(anonymous_14)
FN:251,(anonymous_15)
FN:268,(anonymous_16)
FN:284,(anonymous_17)
FN:300,(anonymous_18)
FN:310,(anonymous_19)
FNF:20
FNH:13
FNDA:30,Form
FNDA:8,(anonymous_1)
FNDA:7,(anonymous_2)
FNDA:0,(anonymous_3)
FNDA:0,(anonymous_4)
FNDA:0,(anonymous_5)
FNDA:1,(anonymous_6)
FNDA:0,(anonymous_7)
FNDA:84,(anonymous_8)
FNDA:0,(anonymous_9)
FNDA:7,(anonymous_10)
FNDA:0,(anonymous_11)
FNDA:36,(anonymous_12)
FNDA:0,(anonymous_13)
FNDA:8,(anonymous_14)
FNDA:1,(anonymous_15)
FNDA:1,(anonymous_16)
FNDA:1,(anonymous_17)
FNDA:1,(anonymous_18)
FNDA:1,(anonymous_19)
DA:15,30
DA:22,30
DA:76,30
DA:77,30
DA:78,30
DA:79,30
DA:81,30
DA:82,30
DA:83,30
DA:84,30
DA:85,30
DA:86,30
DA:87,30
DA:89,30
DA:90,8
DA:91,8
DA:92,8
DA:95,30
DA:96,7
DA:97,7
DA:100,30
DA:101,0
DA:102,0
DA:105,30
DA:106,0
DA:107,0
DA:110,30
DA:111,0
DA:114,30
DA:116,30
DA:117,1
DA:118,1
DA:120,1
DA:129,1
DA:130,1
DA:133,30
DA:134,30
DA:139,30
DA:145,0
DA:169,84
DA:172,0
DA:179,7
DA:188,0
DA:189,0
DA:201,36
DA:203,0
DA:210,8
DA:252,1
DA:269,1
DA:285,1
DA:300,1
DA:311,1
DA:343,1
LF:53
LH:43
BRDA:150,0,0,21
BRDA:150,0,1,9
BRDA:155,1,0,21
BRDA:155,1,1,9
BRDA:166,2,0,21
BRDA:166,2,1,9
BRDA:222,3,0,30
BRDA:222,3,1,0
BRDA:231,4,0,30
BRDA:231,4,1,12
BRF:10
BRH:9
end_of_record
